<?xml version="1.0" encoding="UTF-8"?>
<testsuite name="test.BoardCreation" tests="1" skipped="0" failures="1" errors="0" timestamp="2021-12-02T10:45:16" hostname="LAPTOP-BETKQUU3" time="15.348">
  <properties/>
  <testcase name="testBoardCreation2" classname="test.BoardCreation" time="15.348">
    <failure message="java.lang.AssertionError: expected [26] but found [27]" type="java.lang.AssertionError">java.lang.AssertionError: expected [26] but found [27]
	at org.testng.Assert.fail(Assert.java:99)
	at org.testng.Assert.failNotEquals(Assert.java:1037)
	at org.testng.Assert.assertEqualsImpl(Assert.java:140)
	at org.testng.Assert.assertEquals(Assert.java:122)
	at org.testng.Assert.assertEquals(Assert.java:907)
	at org.testng.Assert.assertEquals(Assert.java:917)
	at test.BoardCreation.testBoardCreation2(BoardCreation.java:54)
	at sun.reflect.NativeMethodAccessorImpl.invoke0(Native Method)
	at sun.reflect.NativeMethodAccessorImpl.invoke(NativeMethodAccessorImpl.java:62)
	at sun.reflect.DelegatingMethodAccessorImpl.invoke(DelegatingMethodAccessorImpl.java:43)
	at java.lang.reflect.Method.invoke(Method.java:498)
	at org.testng.internal.MethodInvocationHelper.invokeMethod(MethodInvocationHelper.java:133)
	at org.testng.internal.TestInvoker.invokeMethod(TestInvoker.java:598)
	at org.testng.internal.TestInvoker.invokeTestMethod(TestInvoker.java:173)
	at org.testng.internal.MethodRunner.runInSequence(MethodRunner.java:46)
	at org.testng.internal.TestInvoker$MethodInvocationAgent.invoke(TestInvoker.java:824)
	at org.testng.internal.TestInvoker.invokeTestMethods(TestInvoker.java:146)
	at org.testng.internal.TestMethodWorker.invokeTestMethods(TestMethodWorker.java:146)
	at org.testng.internal.TestMethodWorker.run(TestMethodWorker.java:128)
	at java.util.ArrayList.forEach(ArrayList.java:1259)
	at org.testng.TestRunner.privateRun(TestRunner.java:794)
	at org.testng.TestRunner.run(TestRunner.java:596)
	at org.testng.SuiteRunner.runTest(SuiteRunner.java:377)
	at org.testng.SuiteRunner.runSequentially(SuiteRunner.java:371)
	at org.testng.SuiteRunner.privateRun(SuiteRunner.java:332)
	at org.testng.SuiteRunner.run(SuiteRunner.java:276)
	at org.testng.SuiteRunnerWorker.runSuite(SuiteRunnerWorker.java:53)
	at org.testng.SuiteRunnerWorker.run(SuiteRunnerWorker.java:96)
	at org.testng.TestNG.runSuitesSequentially(TestNG.java:1212)
	at org.testng.TestNG.runSuitesLocally(TestNG.java:1134)
	at org.testng.TestNG.runSuites(TestNG.java:1063)
	at org.testng.TestNG.run(TestNG.java:1031)
	at org.gradle.api.internal.tasks.testing.testng.TestNGTestClassProcessor.runTests(TestNGTestClassProcessor.java:141)
	at org.gradle.api.internal.tasks.testing.testng.TestNGTestClassProcessor.stop(TestNGTestClassProcessor.java:90)
	at org.gradle.api.internal.tasks.testing.SuiteTestClassProcessor.stop(SuiteTestClassProcessor.java:61)
	at sun.reflect.NativeMethodAccessorImpl.invoke0(Native Method)
	at sun.reflect.NativeMethodAccessorImpl.invoke(NativeMethodAccessorImpl.java:62)
	at sun.reflect.DelegatingMethodAccessorImpl.invoke(DelegatingMethodAccessorImpl.java:43)
	at java.lang.reflect.Method.invoke(Method.java:498)
	at org.gradle.internal.dispatch.ReflectionDispatch.dispatch(ReflectionDispatch.java:36)
	at org.gradle.internal.dispatch.ReflectionDispatch.dispatch(ReflectionDispatch.java:24)
	at org.gradle.internal.dispatch.ContextClassLoaderDispatch.dispatch(ContextClassLoaderDispatch.java:33)
	at org.gradle.internal.dispatch.ProxyDispatchAdapter$DispatchingInvocationHandler.invoke(ProxyDispatchAdapter.java:94)
	at com.sun.proxy.$Proxy2.stop(Unknown Source)
	at org.gradle.api.internal.tasks.testing.worker.TestWorker.stop(TestWorker.java:135)
	at sun.reflect.NativeMethodAccessorImpl.invoke0(Native Method)
	at sun.reflect.NativeMethodAccessorImpl.invoke(NativeMethodAccessorImpl.java:62)
	at sun.reflect.DelegatingMethodAccessorImpl.invoke(DelegatingMethodAccessorImpl.java:43)
	at java.lang.reflect.Method.invoke(Method.java:498)
	at org.gradle.internal.dispatch.ReflectionDispatch.dispatch(ReflectionDispatch.java:36)
	at org.gradle.internal.dispatch.ReflectionDispatch.dispatch(ReflectionDispatch.java:24)
	at org.gradle.internal.remote.internal.hub.MessageHubBackedObjectConnection$DispatchWrapper.dispatch(MessageHubBackedObjectConnection.java:182)
	at org.gradle.internal.remote.internal.hub.MessageHubBackedObjectConnection$DispatchWrapper.dispatch(MessageHubBackedObjectConnection.java:164)
	at org.gradle.internal.remote.internal.hub.MessageHub$Handler.run(MessageHub.java:414)
	at org.gradle.internal.concurrent.ExecutorPolicy$CatchAndRecordFailures.onExecute(ExecutorPolicy.java:64)
	at org.gradle.internal.concurrent.ManagedExecutorImpl$1.run(ManagedExecutorImpl.java:48)
	at java.util.concurrent.ThreadPoolExecutor.runWorker(ThreadPoolExecutor.java:1149)
	at java.util.concurrent.ThreadPoolExecutor$Worker.run(ThreadPoolExecutor.java:624)
	at org.gradle.internal.concurrent.ThreadFactoryImpl$ManagedThreadRunnable.run(ThreadFactoryImpl.java:56)
	at java.lang.Thread.run(Thread.java:748)
</failure>
  </testcase>
  <system-out><![CDATA[13:45:16  INFO  test.TestBase - Start test--testBoardCreation2
13:45:16  INFO  manager.MyListener - Stert search element by locator--By.cssSelector: .boards-page-board-section-list-item
13:45:16  INFO  manager.MyListener - Element with locator--By.cssSelector: .boards-page-board-section-list-itemwas found
13:45:16  INFO  manager.MyListener - Stert search element by locator--By.xpath: //*[contains(@class,'icon-clock')]/../../..//li
13:45:26  INFO  manager.MyListener - Element with locator--By.xpath: //*[contains(@class,'icon-clock')]/../../..//liwas found
25
13:45:26  INFO  manager.MyListener - Stert search element by locator--By.cssSelector: [data-test-id='header-create-menu-button']
13:45:26  INFO  manager.MyListener - Element with locator--By.cssSelector: [data-test-id='header-create-menu-button']was found
13:45:27  INFO  manager.MyListener - Stert search element by locator--By.cssSelector: [aria-label='BoardIcon']
13:45:27  INFO  manager.MyListener - Element with locator--By.cssSelector: [aria-label='BoardIcon']was found
13:45:27  INFO  manager.MyListener - Stert search element by locator--By.cssSelector: [data-test-id='create-board-title-input']
13:45:27  INFO  manager.MyListener - Element with locator--By.cssSelector: [data-test-id='create-board-title-input']was found
13:45:27  INFO  manager.MyListener - Stert search element by locator--By.cssSelector: [data-test-id='create-board-title-input']
13:45:27  INFO  manager.MyListener - Element with locator--By.cssSelector: [data-test-id='create-board-title-input']was found
13:45:27  INFO  manager.MyListener - Stert search element by locator--By.cssSelector: [data-test-id='create-board-title-input']
13:45:27  INFO  manager.MyListener - Element with locator--By.cssSelector: [data-test-id='create-board-title-input']was found
13:45:27  INFO  manager.MyListener - Stert search element by locator--By.cssSelector: [data-test-id='create-board-submit-button']
13:45:27  INFO  manager.MyListener - Element with locator--By.cssSelector: [data-test-id='create-board-submit-button']was found
13:45:29  INFO  manager.MyListener - Stert search element by locator--By.cssSelector: [data-test-id='create-board-submit-button']
13:45:29  INFO  manager.MyListener - Element with locator--By.cssSelector: [data-test-id='create-board-submit-button']was found
13:45:29  INFO  manager.MyListener - Stert search element by locator--By.cssSelector: [data-test-id='create-board-submit-button']
13:45:29  INFO  manager.MyListener - Element with locator--By.cssSelector: [data-test-id='create-board-submit-button']was found
13:45:29  INFO  manager.MyListener - Stert search element by locator--By.cssSelector: .list-name-input
13:45:31  INFO  manager.MyListener - Element with locator--By.cssSelector: .list-name-inputwas found
13:45:31  INFO  manager.MyListener - Stert search element by locator--By.cssSelector: .list-name-input
13:45:31  INFO  manager.MyListener - Element with locator--By.cssSelector: .list-name-inputwas found
13:45:31  INFO  manager.MyListener - Stert search element by locator--By.cssSelector: ._9Bfh6AVH84yAZe
13:45:31  INFO  manager.MyListener - Element with locator--By.cssSelector: ._9Bfh6AVH84yAZewas found
13:45:31  INFO  manager.MyListener - Stert search element by locator--By.cssSelector: .boards-page-board-section-list-item
13:45:32  INFO  manager.MyListener - Element with locator--By.cssSelector: .boards-page-board-section-list-itemwas found
13:45:32  INFO  manager.MyListener - Stert search element by locator--By.xpath: //*[contains(@class,'icon-clock')]/../../..//li
13:45:32  INFO  manager.MyListener - Element with locator--By.xpath: //*[contains(@class,'icon-clock')]/../../..//liwas found
27
13:45:32  INFO  test.TestBase - ^^^^^^^^^^^^^^^^^^^^^^^^^^^^^^^^^^^^^^^^^^^^^^^^^^^^^^^^^^^^^^^^^^^^^^^^^^^^^^^^^^^^^^^
]]></system-out>
  <system-err><![CDATA[]]></system-err>
</testsuite>
